<?xml version="1.0" encoding="UTF-8"?>
<!-- Generated by org.testng.reporters.JUnitReportReporter -->
<testsuite hostname="SRINIVAS-G2005" failures="0" tests="1" name="testCases.TC7_AddToCart_4" time="3.367" errors="0" timestamp="2025-07-29T18:59:51 IST" skipped="0">
  <testcase classname="testCases.TC7_AddToCart_4" name="addToCart" time="3.367"/>
</testsuite> <!-- testCases.TC7_AddToCart_4 -->
