<?xml version="1.0" encoding="UTF-8"?>
<!-- Generated by org.testng.reporters.JUnitReportReporter -->
<testsuite hostname="SRINIVAS-G2005" failures="0" tests="1" name="testCases.TC6_AddToCart_3" time="1.277" errors="0" timestamp="2025-07-30T15:02:55 IST" skipped="0">
  <testcase classname="testCases.TC6_AddToCart_3" name="addToCart" time="1.277"/>
</testsuite> <!-- testCases.TC6_AddToCart_3 -->
