<?xml version="1.0" encoding="UTF-8"?>
<!-- Generated by org.testng.reporters.JUnitReportReporter -->
<testsuite hostname="SRINIVAS-G2005" failures="0" tests="1" name="testCases.TC4_AddToCart_1" time="0.330" errors="0" timestamp="2025-07-26T18:44:42 IST" skipped="0">
  <testcase classname="testCases.TC4_AddToCart_1" name="addToCart" time="0.330"/>
</testsuite> <!-- testCases.TC4_AddToCart_1 -->
