<?xml version="1.0" encoding="UTF-8"?>
<!-- Generated by org.testng.reporters.JUnitReportReporter -->
<testsuite hostname="SRINIVAS-G2005" failures="0" tests="1" name="testCases.TC2_SizeFilteration_2" time="3.689" errors="0" timestamp="2025-07-30T13:50:47 IST" skipped="0">
  <testcase classname="testCases.TC2_SizeFilteration_2" name="sizeFinteration2" time="3.689"/>
</testsuite> <!-- testCases.TC2_SizeFilteration_2 -->
