<?xml version="1.0" encoding="UTF-8"?>
<!-- Generated by org.testng.reporters.JUnitReportReporter -->
<testsuite hostname="SRINIVAS-G2005" failures="0" tests="1" name="testCases.TC5_AddToCart_2" time="4.847" errors="0" timestamp="2025-07-30T13:50:47 IST" skipped="0">
  <testcase classname="testCases.TC5_AddToCart_2" name="addToCart" time="4.847"/>
</testsuite> <!-- testCases.TC5_AddToCart_2 -->
