<?xml version="1.0" encoding="UTF-8"?>
<!-- Generated by org.testng.reporters.JUnitReportReporter -->
<testsuite hostname="SRINIVAS-G2005" failures="0" tests="1" name="testCases.TC1_SizeFilteration_1" time="2.174" errors="0" timestamp="2025-07-25T19:07:37 IST" skipped="0">
  <testcase classname="testCases.TC1_SizeFilteration_1" name="sizeFilteration1" time="2.174"/>
</testsuite> <!-- testCases.TC1_SizeFilteration_1 -->
